{"numTotalTestSuites":4,"numPassedTestSuites":4,"numFailedTestSuites":0,"numPendingTestSuites":0,"numTotalTests":12,"numPassedTests":11,"numFailedTests":1,"numPendingTests":0,"numTodoTests":0,"startTime":1715946021683,"success":false,"testResults":[{"assertionResults":[{"ancestorTitles":["","Matrix"],"fullName":" Matrix should return a matrix","status":"passed","title":"should return a matrix","duration":2,"failureMessages":[]},{"ancestorTitles":["","Matrix"],"fullName":" Matrix should return a matrix with 7 columns","status":"failed","title":"should return a matrix with 7 columns","duration":14,"failureMessages":["expected 6 to be 7 // Object.is equality"],"location":{"line":18,"column":31}},{"ancestorTitles":["","Matrix"],"fullName":" Matrix should return a matrix with 6 rows","status":"passed","title":"should return a matrix with 6 rows","duration":1,"failureMessages":[]},{"ancestorTitles":["","Matrix"],"fullName":" Matrix should add a red token in col 1 row 1","status":"passed","title":"should add a red token in col 1 row 1","duration":0,"failureMessages":[]},{"ancestorTitles":["","Matrix"],"fullName":" Matrix should add a red token in col 2 row 1","status":"passed","title":"should add a red token in col 2 row 1","duration":0,"failureMessages":[]},{"ancestorTitles":["","Matrix"],"fullName":" Matrix should return an out of range error","status":"passed","title":"should return an out of range error","duration":2,"failureMessages":[]}],"startTime":1715946022231,"endTime":1715946022251,"status":"failed","message":"","name":"/frontend/src/utils/utils.test.ts"},{"assertionResults":[{"ancestorTitles":["","email validation function tests"],"fullName":" email validation function tests should validate a correct email","status":"passed","title":"should validate a correct email","duration":3,"failureMessages":[]},{"ancestorTitles":["","email validation function tests"],"fullName":" email validation function tests should invalidate an incorrect email with no @","status":"passed","title":"should invalidate an incorrect email with no @","duration":0,"failureMessages":[]},{"ancestorTitles":["","email validation function tests"],"fullName":" email validation function tests should invalidate an incorrect email with multiple @","status":"passed","title":"should invalidate an incorrect email with multiple @","duration":1,"failureMessages":[]},{"ancestorTitles":["","email validation function tests"],"fullName":" email validation function tests should invalidate an email without a domain","status":"passed","title":"should invalidate an email without a domain","duration":0,"failureMessages":[]},{"ancestorTitles":["","email validation function tests"],"fullName":" email validation function tests should invalidate an email without character before @","status":"passed","title":"should invalidate an email without character before @","duration":0,"failureMessages":[]},{"ancestorTitles":["","email validation function tests"],"fullName":" email validation function tests should invalidate an email without two character after dot","status":"passed","title":"should invalidate an email without two character after dot","duration":1,"failureMessages":[]}],"startTime":1715946022724,"endTime":1715946022729,"status":"passed","message":"","name":"/frontend/src/utils/validateEmail.test.ts"}]}