{"/frontend/src/App.tsx": {"path":"/frontend/src/App.tsx","all":true,"statementMap":{"0":{"start":{"line":1,"column":0},"end":{"line":1,"column":32}},"1":{"start":{"line":2,"column":0},"end":{"line":2,"column":42}},"2":{"start":{"line":3,"column":0},"end":{"line":3,"column":32}},"3":{"start":{"line":4,"column":0},"end":{"line":4,"column":18}},"4":{"start":{"line":5,"column":0},"end":{"line":5,"column":0}},"5":{"start":{"line":6,"column":0},"end":{"line":6,"column":16}},"6":{"start":{"line":7,"column":0},"end":{"line":7,"column":39}},"7":{"start":{"line":8,"column":0},"end":{"line":8,"column":0}},"8":{"start":{"line":9,"column":0},"end":{"line":9,"column":10}},"9":{"start":{"line":10,"column":0},"end":{"line":10,"column":6}},"10":{"start":{"line":11,"column":0},"end":{"line":11,"column":11}},"11":{"start":{"line":12,"column":0},"end":{"line":12,"column":53}},"12":{"start":{"line":13,"column":0},"end":{"line":13,"column":65}},"13":{"start":{"line":14,"column":0},"end":{"line":14,"column":12}},"14":{"start":{"line":15,"column":0},"end":{"line":15,"column":52}},"15":{"start":{"line":16,"column":0},"end":{"line":16,"column":73}},"16":{"start":{"line":17,"column":0},"end":{"line":17,"column":12}},"17":{"start":{"line":18,"column":0},"end":{"line":18,"column":12}},"18":{"start":{"line":19,"column":0},"end":{"line":19,"column":27}},"19":{"start":{"line":20,"column":0},"end":{"line":20,"column":28}},"20":{"start":{"line":21,"column":0},"end":{"line":21,"column":63}},"21":{"start":{"line":22,"column":0},"end":{"line":22,"column":26}},"22":{"start":{"line":23,"column":0},"end":{"line":23,"column":17}},"23":{"start":{"line":24,"column":0},"end":{"line":24,"column":11}},"24":{"start":{"line":25,"column":0},"end":{"line":25,"column":60}},"25":{"start":{"line":26,"column":0},"end":{"line":26,"column":12}},"26":{"start":{"line":27,"column":0},"end":{"line":27,"column":12}},"27":{"start":{"line":28,"column":0},"end":{"line":28,"column":35}},"28":{"start":{"line":29,"column":0},"end":{"line":29,"column":55}},"29":{"start":{"line":30,"column":0},"end":{"line":30,"column":10}},"30":{"start":{"line":31,"column":0},"end":{"line":31,"column":7}},"31":{"start":{"line":32,"column":0},"end":{"line":32,"column":3}},"32":{"start":{"line":33,"column":0},"end":{"line":33,"column":1}},"33":{"start":{"line":34,"column":0},"end":{"line":34,"column":0}},"34":{"start":{"line":35,"column":0},"end":{"line":35,"column":18}}},"s":{"0":0,"1":0,"2":0,"3":0,"4":0,"5":0,"6":0,"7":0,"8":0,"9":0,"10":0,"11":0,"12":0,"13":0,"14":0,"15":0,"16":0,"17":0,"18":0,"19":0,"20":0,"21":0,"22":0,"23":0,"24":0,"25":0,"26":0,"27":0,"28":0,"29":0,"30":0,"31":0,"32":0,"33":0,"34":0},"branchMap":{"0":{"type":"branch","line":1,"loc":{"start":{"line":1,"column":0},"end":{"line":35,"column":-604}},"locations":[{"start":{"line":1,"column":0},"end":{"line":35,"column":-604}}]}},"b":{"0":[0]},"fnMap":{"0":{"name":"(empty-report)","decl":{"start":{"line":1,"column":0},"end":{"line":35,"column":-604}},"loc":{"start":{"line":1,"column":0},"end":{"line":35,"column":-604}},"line":1}},"f":{"0":0}}
,"/frontend/src/main.tsx": {"path":"/frontend/src/main.tsx","all":true,"statementMap":{"0":{"start":{"line":1,"column":0},"end":{"line":1,"column":25}},"1":{"start":{"line":2,"column":0},"end":{"line":2,"column":39}},"2":{"start":{"line":3,"column":0},"end":{"line":3,"column":27}},"3":{"start":{"line":4,"column":0},"end":{"line":4,"column":20}},"4":{"start":{"line":5,"column":0},"end":{"line":5,"column":0}},"5":{"start":{"line":6,"column":0},"end":{"line":6,"column":61}},"6":{"start":{"line":7,"column":0},"end":{"line":7,"column":20}},"7":{"start":{"line":8,"column":0},"end":{"line":8,"column":11}},"8":{"start":{"line":9,"column":0},"end":{"line":9,"column":22}},"9":{"start":{"line":10,"column":0},"end":{"line":10,"column":1}}},"s":{"0":0,"1":0,"2":0,"3":0,"4":0,"5":0,"6":0,"7":0,"8":0,"9":0},"branchMap":{"0":{"type":"branch","line":1,"loc":{"start":{"line":1,"column":235},"end":{"line":10,"column":1}},"locations":[{"start":{"line":1,"column":235},"end":{"line":10,"column":1}}]}},"b":{"0":[0]},"fnMap":{"0":{"name":"(empty-report)","decl":{"start":{"line":1,"column":235},"end":{"line":10,"column":1}},"loc":{"start":{"line":1,"column":235},"end":{"line":10,"column":1}},"line":1}},"f":{"0":0}}
,"/frontend/src/utils/api.ts": {"path":"/frontend/src/utils/api.ts","all":false,"statementMap":{"0":{"start":{"line":1,"column":0},"end":{"line":1,"column":38}},"1":{"start":{"line":2,"column":0},"end":{"line":2,"column":9}},"2":{"start":{"line":3,"column":0},"end":{"line":3,"column":74}},"3":{"start":{"line":4,"column":0},"end":{"line":4,"column":0}},"4":{"start":{"line":5,"column":0},"end":{"line":5,"column":36}},"5":{"start":{"line":6,"column":0},"end":{"line":6,"column":0}},"6":{"start":{"line":7,"column":0},"end":{"line":7,"column":37}},"7":{"start":{"line":8,"column":0},"end":{"line":8,"column":0}},"8":{"start":{"line":9,"column":0},"end":{"line":9,"column":21}},"9":{"start":{"line":10,"column":0},"end":{"line":10,"column":18}},"10":{"start":{"line":11,"column":0},"end":{"line":11,"column":5}},"11":{"start":{"line":12,"column":0},"end":{"line":12,"column":1}}},"s":{"0":1,"1":3,"2":3,"3":2,"4":3,"5":1,"6":1,"7":1,"8":1,"9":1,"10":1,"11":3},"branchMap":{"0":{"type":"branch","line":1,"loc":{"start":{"line":1,"column":25},"end":{"line":12,"column":1}},"locations":[{"start":{"line":1,"column":25},"end":{"line":12,"column":1}}]},"1":{"type":"branch","line":3,"loc":{"start":{"line":3,"column":72},"end":{"line":5,"column":33}},"locations":[{"start":{"line":3,"column":72},"end":{"line":5,"column":33}}]},"2":{"type":"branch","line":5,"loc":{"start":{"line":5,"column":26},"end":{"line":11,"column":5}},"locations":[{"start":{"line":5,"column":26},"end":{"line":11,"column":5}}]}},"b":{"0":[3],"1":[2],"2":[1]},"fnMap":{"0":{"name":"getScores","decl":{"start":{"line":1,"column":25},"end":{"line":12,"column":1}},"loc":{"start":{"line":1,"column":25},"end":{"line":12,"column":1}},"line":1}},"f":{"0":3}}
,"/frontend/src/utils/matrix.ts": {"path":"/frontend/src/utils/matrix.ts","all":false,"statementMap":{"0":{"start":{"line":1,"column":0},"end":{"line":1,"column":65}},"1":{"start":{"line":2,"column":0},"end":{"line":2,"column":12}},"2":{"start":{"line":3,"column":0},"end":{"line":3,"column":45}},"3":{"start":{"line":4,"column":0},"end":{"line":4,"column":45}},"4":{"start":{"line":5,"column":0},"end":{"line":5,"column":45}},"5":{"start":{"line":6,"column":0},"end":{"line":6,"column":45}},"6":{"start":{"line":7,"column":0},"end":{"line":7,"column":45}},"7":{"start":{"line":8,"column":0},"end":{"line":8,"column":45}},"8":{"start":{"line":9,"column":0},"end":{"line":9,"column":45}},"9":{"start":{"line":10,"column":0},"end":{"line":10,"column":5}},"10":{"start":{"line":11,"column":0},"end":{"line":11,"column":1}},"11":{"start":{"line":12,"column":0},"end":{"line":12,"column":0}},"12":{"start":{"line":13,"column":0},"end":{"line":13,"column":97}},"13":{"start":{"line":14,"column":0},"end":{"line":14,"column":18}},"14":{"start":{"line":15,"column":0},"end":{"line":15,"column":40}},"15":{"start":{"line":16,"column":0},"end":{"line":16,"column":5}},"16":{"start":{"line":17,"column":0},"end":{"line":17,"column":0}},"17":{"start":{"line":18,"column":0},"end":{"line":18,"column":35}},"18":{"start":{"line":19,"column":0},"end":{"line":19,"column":68}},"19":{"start":{"line":20,"column":0},"end":{"line":20,"column":0}},"20":{"start":{"line":21,"column":0},"end":{"line":21,"column":31}},"21":{"start":{"line":22,"column":0},"end":{"line":22,"column":39}},"22":{"start":{"line":23,"column":0},"end":{"line":23,"column":5}},"23":{"start":{"line":24,"column":0},"end":{"line":24,"column":0}},"24":{"start":{"line":25,"column":0},"end":{"line":25,"column":43}},"25":{"start":{"line":26,"column":0},"end":{"line":26,"column":1}}},"s":{"0":1,"1":10,"2":10,"3":10,"4":10,"5":10,"6":10,"7":10,"8":10,"9":10,"10":10,"11":1,"12":1,"13":19,"14":1,"15":1,"16":18,"17":18,"18":18,"19":18,"20":19,"21":1,"22":1,"23":17,"24":17,"25":17},"branchMap":{"0":{"type":"branch","line":1,"loc":{"start":{"line":1,"column":30},"end":{"line":11,"column":1}},"locations":[{"start":{"line":1,"column":30},"end":{"line":11,"column":1}}]},"1":{"type":"branch","line":13,"loc":{"start":{"line":13,"column":29},"end":{"line":26,"column":1}},"locations":[{"start":{"line":13,"column":29},"end":{"line":26,"column":1}}]},"2":{"type":"branch","line":14,"loc":{"start":{"line":14,"column":17},"end":{"line":16,"column":5}},"locations":[{"start":{"line":14,"column":17},"end":{"line":16,"column":5}}]},"3":{"type":"branch","line":16,"loc":{"start":{"line":16,"column":4},"end":{"line":21,"column":30}},"locations":[{"start":{"line":16,"column":4},"end":{"line":21,"column":30}}]},"4":{"type":"branch","line":21,"loc":{"start":{"line":21,"column":30},"end":{"line":23,"column":5}},"locations":[{"start":{"line":21,"column":30},"end":{"line":23,"column":5}}]},"5":{"type":"branch","line":23,"loc":{"start":{"line":23,"column":4},"end":{"line":26,"column":1}},"locations":[{"start":{"line":23,"column":4},"end":{"line":26,"column":1}}]},"6":{"type":"branch","line":19,"loc":{"start":{"line":19,"column":43},"end":{"line":19,"column":66}},"locations":[{"start":{"line":19,"column":43},"end":{"line":19,"column":66}}]}},"b":{"0":[10],"1":[19],"2":[1],"3":[18],"4":[1],"5":[17],"6":[39]},"fnMap":{"0":{"name":"getEmptyMatrix","decl":{"start":{"line":1,"column":30},"end":{"line":11,"column":1}},"loc":{"start":{"line":1,"column":30},"end":{"line":11,"column":1}},"line":1},"1":{"name":"addTokenToCol","decl":{"start":{"line":13,"column":29},"end":{"line":26,"column":1}},"loc":{"start":{"line":13,"column":29},"end":{"line":26,"column":1}},"line":13}},"f":{"0":10,"1":19}}
,"/frontend/src/utils/rules.ts": {"path":"/frontend/src/utils/rules.ts","all":false,"statementMap":{"0":{"start":{"line":1,"column":0},"end":{"line":1,"column":31}},"1":{"start":{"line":2,"column":0},"end":{"line":2,"column":37}},"2":{"start":{"line":3,"column":0},"end":{"line":3,"column":0}},"3":{"start":{"line":4,"column":0},"end":{"line":4,"column":82}},"4":{"start":{"line":5,"column":0},"end":{"line":5,"column":97}},"5":{"start":{"line":6,"column":0},"end":{"line":6,"column":0}},"6":{"start":{"line":7,"column":0},"end":{"line":7,"column":73}},"7":{"start":{"line":8,"column":0},"end":{"line":8,"column":17}},"8":{"start":{"line":9,"column":0},"end":{"line":9,"column":57}},"9":{"start":{"line":10,"column":0},"end":{"line":10,"column":70}},"10":{"start":{"line":11,"column":0},"end":{"line":11,"column":44}},"11":{"start":{"line":12,"column":0},"end":{"line":12,"column":5}},"12":{"start":{"line":13,"column":0},"end":{"line":13,"column":0}},"13":{"start":{"line":14,"column":0},"end":{"line":14,"column":20}},"14":{"start":{"line":15,"column":0},"end":{"line":15,"column":57}},"15":{"start":{"line":16,"column":0},"end":{"line":16,"column":37}},"16":{"start":{"line":17,"column":0},"end":{"line":17,"column":47}},"17":{"start":{"line":18,"column":0},"end":{"line":18,"column":5}},"18":{"start":{"line":19,"column":0},"end":{"line":19,"column":0}},"19":{"start":{"line":20,"column":0},"end":{"line":20,"column":30}},"20":{"start":{"line":21,"column":0},"end":{"line":21,"column":43}},"21":{"start":{"line":22,"column":0},"end":{"line":22,"column":0}},"22":{"start":{"line":23,"column":0},"end":{"line":23,"column":31}},"23":{"start":{"line":24,"column":0},"end":{"line":24,"column":44}},"24":{"start":{"line":25,"column":0},"end":{"line":25,"column":51}},"25":{"start":{"line":26,"column":0},"end":{"line":26,"column":0}},"26":{"start":{"line":27,"column":0},"end":{"line":27,"column":17}},"27":{"start":{"line":28,"column":0},"end":{"line":28,"column":1}},"28":{"start":{"line":29,"column":0},"end":{"line":29,"column":0}},"29":{"start":{"line":30,"column":0},"end":{"line":30,"column":66}},"30":{"start":{"line":31,"column":0},"end":{"line":31,"column":46}},"31":{"start":{"line":32,"column":0},"end":{"line":32,"column":105}},"32":{"start":{"line":33,"column":0},"end":{"line":33,"column":1}},"33":{"start":{"line":34,"column":0},"end":{"line":34,"column":0}},"34":{"start":{"line":35,"column":0},"end":{"line":35,"column":105}},"35":{"start":{"line":36,"column":0},"end":{"line":36,"column":107}},"36":{"start":{"line":37,"column":0},"end":{"line":37,"column":42}},"37":{"start":{"line":38,"column":0},"end":{"line":38,"column":5}},"38":{"start":{"line":39,"column":0},"end":{"line":39,"column":4}},"39":{"start":{"line":40,"column":0},"end":{"line":40,"column":16}},"40":{"start":{"line":41,"column":0},"end":{"line":41,"column":1}},"41":{"start":{"line":42,"column":0},"end":{"line":42,"column":0}},"42":{"start":{"line":43,"column":0},"end":{"line":43,"column":71}},"43":{"start":{"line":44,"column":0},"end":{"line":44,"column":66}},"44":{"start":{"line":45,"column":0},"end":{"line":45,"column":70}},"45":{"start":{"line":46,"column":0},"end":{"line":46,"column":49}},"46":{"start":{"line":47,"column":0},"end":{"line":47,"column":0}},"47":{"start":{"line":48,"column":0},"end":{"line":48,"column":24}},"48":{"start":{"line":49,"column":0},"end":{"line":49,"column":52}},"49":{"start":{"line":50,"column":0},"end":{"line":50,"column":60}},"50":{"start":{"line":51,"column":0},"end":{"line":51,"column":60}},"51":{"start":{"line":52,"column":0},"end":{"line":52,"column":60}},"52":{"start":{"line":53,"column":0},"end":{"line":53,"column":60}},"53":{"start":{"line":54,"column":0},"end":{"line":54,"column":60}},"54":{"start":{"line":55,"column":0},"end":{"line":55,"column":13}},"55":{"start":{"line":56,"column":0},"end":{"line":56,"column":12}},"56":{"start":{"line":57,"column":0},"end":{"line":57,"column":53}},"57":{"start":{"line":58,"column":0},"end":{"line":58,"column":9}},"58":{"start":{"line":59,"column":0},"end":{"line":59,"column":5}},"59":{"start":{"line":60,"column":0},"end":{"line":60,"column":17}},"60":{"start":{"line":61,"column":0},"end":{"line":61,"column":1}}},"s":{"0":1,"1":1,"2":1,"3":1,"4":1,"5":1,"6":1,"7":9,"8":9,"9":52,"10":52,"11":52,"12":50,"13":50,"14":9,"15":43,"16":43,"17":43,"18":5,"19":5,"20":9,"21":3,"22":3,"23":3,"24":9,"25":1,"26":1,"27":1,"28":1,"29":1,"30":318,"31":318,"32":318,"33":1,"34":1,"35":1702,"36":856,"37":856,"38":846,"39":846,"40":846,"41":1,"42":1,"43":8,"44":35,"45":223,"46":223,"47":223,"48":223,"49":223,"50":223,"51":223,"52":223,"53":223,"54":223,"55":223,"56":223,"57":223,"58":31,"59":4,"60":4},"branchMap":{"0":{"type":"branch","line":7,"loc":{"start":{"line":7,"column":24},"end":{"line":28,"column":1}},"locations":[{"start":{"line":7,"column":24},"end":{"line":28,"column":1}}]},"1":{"type":"branch","line":9,"loc":{"start":{"line":9,"column":56},"end":{"line":12,"column":5}},"locations":[{"start":{"line":9,"column":56},"end":{"line":12,"column":5}}]},"2":{"type":"branch","line":11,"loc":{"start":{"line":11,"column":32},"end":{"line":11,"column":44}},"locations":[{"start":{"line":11,"column":32},"end":{"line":11,"column":44}}]},"3":{"type":"branch","line":12,"loc":{"start":{"line":12,"column":4},"end":{"line":15,"column":56}},"locations":[{"start":{"line":12,"column":4},"end":{"line":15,"column":56}}]},"4":{"type":"branch","line":15,"loc":{"start":{"line":15,"column":56},"end":{"line":18,"column":5}},"locations":[{"start":{"line":15,"column":56},"end":{"line":18,"column":5}}]},"5":{"type":"branch","line":17,"loc":{"start":{"line":17,"column":35},"end":{"line":17,"column":47}},"locations":[{"start":{"line":17,"column":35},"end":{"line":17,"column":47}}]},"6":{"type":"branch","line":18,"loc":{"start":{"line":18,"column":4},"end":{"line":21,"column":38}},"locations":[{"start":{"line":18,"column":4},"end":{"line":21,"column":38}}]},"7":{"type":"branch","line":21,"loc":{"start":{"line":21,"column":31},"end":{"line":21,"column":43}},"locations":[{"start":{"line":21,"column":31},"end":{"line":21,"column":43}}]},"8":{"type":"branch","line":21,"loc":{"start":{"line":21,"column":38},"end":{"line":25,"column":46}},"locations":[{"start":{"line":21,"column":38},"end":{"line":25,"column":46}}]},"9":{"type":"branch","line":25,"loc":{"start":{"line":25,"column":39},"end":{"line":25,"column":51}},"locations":[{"start":{"line":25,"column":39},"end":{"line":25,"column":51}}]},"10":{"type":"branch","line":25,"loc":{"start":{"line":25,"column":46},"end":{"line":28,"column":1}},"locations":[{"start":{"line":25,"column":46},"end":{"line":28,"column":1}}]},"11":{"type":"branch","line":10,"loc":{"start":{"line":10,"column":31},"end":{"line":10,"column":68}},"locations":[{"start":{"line":10,"column":31},"end":{"line":10,"column":68}}]},"12":{"type":"branch","line":30,"loc":{"start":{"line":30,"column":22},"end":{"line":33,"column":1}},"locations":[{"start":{"line":30,"column":22},"end":{"line":33,"column":1}}]},"13":{"type":"branch","line":32,"loc":{"start":{"line":32,"column":53},"end":{"line":32,"column":105}},"locations":[{"start":{"line":32,"column":53},"end":{"line":32,"column":105}}]},"14":{"type":"branch","line":35,"loc":{"start":{"line":35,"column":16},"end":{"line":41,"column":1}},"locations":[{"start":{"line":35,"column":16},"end":{"line":41,"column":1}}]},"15":{"type":"branch","line":36,"loc":{"start":{"line":36,"column":43},"end":{"line":36,"column":70}},"locations":[{"start":{"line":36,"column":43},"end":{"line":36,"column":70}}]},"16":{"type":"branch","line":36,"loc":{"start":{"line":36,"column":65},"end":{"line":36,"column":106}},"locations":[{"start":{"line":36,"column":65},"end":{"line":36,"column":106}}]},"17":{"type":"branch","line":36,"loc":{"start":{"line":36,"column":106},"end":{"line":38,"column":5}},"locations":[{"start":{"line":36,"column":106},"end":{"line":38,"column":5}}]},"18":{"type":"branch","line":38,"loc":{"start":{"line":38,"column":4},"end":{"line":41,"column":1}},"locations":[{"start":{"line":38,"column":4},"end":{"line":41,"column":1}}]},"19":{"type":"branch","line":43,"loc":{"start":{"line":43,"column":22},"end":{"line":61,"column":1}},"locations":[{"start":{"line":43,"column":22},"end":{"line":61,"column":1}}]},"20":{"type":"branch","line":44,"loc":{"start":{"line":44,"column":65},"end":{"line":59,"column":5}},"locations":[{"start":{"line":44,"column":65},"end":{"line":59,"column":5}}]},"21":{"type":"branch","line":45,"loc":{"start":{"line":45,"column":69},"end":{"line":58,"column":9}},"locations":[{"start":{"line":45,"column":69},"end":{"line":58,"column":9}}]},"22":{"type":"branch","line":57,"loc":{"start":{"line":57,"column":41},"end":{"line":57,"column":53}},"locations":[{"start":{"line":57,"column":41},"end":{"line":57,"column":53}}]},"23":{"type":"branch","line":58,"loc":{"start":{"line":58,"column":8},"end":{"line":59,"column":5}},"locations":[{"start":{"line":58,"column":8},"end":{"line":59,"column":5}}]},"24":{"type":"branch","line":59,"loc":{"start":{"line":59,"column":4},"end":{"line":61,"column":1}},"locations":[{"start":{"line":59,"column":4},"end":{"line":61,"column":1}}]}},"b":{"0":[9],"1":[52],"2":[2],"3":[50],"4":[43],"5":[2],"6":[5],"7":[2],"8":[3],"9":[2],"10":[1],"11":[364],"12":[318],"13":[310],"14":[1702],"15":[1273],"16":[1273],"17":[856],"18":[846],"19":[8],"20":[35],"21":[223],"22":[4],"23":[31],"24":[4]},"fnMap":{"0":{"name":"checkWin","decl":{"start":{"line":7,"column":24},"end":{"line":28,"column":1}},"loc":{"start":{"line":7,"column":24},"end":{"line":28,"column":1}},"line":7},"1":{"name":"checkSequence","decl":{"start":{"line":30,"column":22},"end":{"line":33,"column":1}},"loc":{"start":{"line":30,"column":22},"end":{"line":33,"column":1}},"line":30},"2":{"name":"getCase","decl":{"start":{"line":35,"column":16},"end":{"line":41,"column":1}},"loc":{"start":{"line":35,"column":16},"end":{"line":41,"column":1}},"line":35},"3":{"name":"checkDiagonal","decl":{"start":{"line":43,"column":22},"end":{"line":61,"column":1}},"loc":{"start":{"line":43,"column":22},"end":{"line":61,"column":1}},"line":43}},"f":{"0":9,"1":318,"2":1702,"3":8}}
,"/frontend/src/utils/utils.ts": {"path":"/frontend/src/utils/utils.ts","all":false,"statementMap":{"0":{"start":{"line":1,"column":0},"end":{"line":1,"column":40}},"1":{"start":{"line":2,"column":0},"end":{"line":2,"column":34}},"2":{"start":{"line":3,"column":0},"end":{"line":3,"column":0}},"3":{"start":{"line":4,"column":0},"end":{"line":4,"column":62}},"4":{"start":{"line":5,"column":0},"end":{"line":5,"column":37}},"5":{"start":{"line":6,"column":0},"end":{"line":6,"column":53}},"6":{"start":{"line":7,"column":0},"end":{"line":7,"column":30}},"7":{"start":{"line":8,"column":0},"end":{"line":8,"column":1}},"8":{"start":{"line":9,"column":0},"end":{"line":9,"column":0}},"9":{"start":{"line":10,"column":0},"end":{"line":10,"column":73}},"10":{"start":{"line":11,"column":0},"end":{"line":11,"column":61}},"11":{"start":{"line":12,"column":0},"end":{"line":12,"column":32}},"12":{"start":{"line":13,"column":0},"end":{"line":13,"column":33}},"13":{"start":{"line":14,"column":0},"end":{"line":14,"column":0}},"14":{"start":{"line":15,"column":0},"end":{"line":15,"column":30}},"15":{"start":{"line":16,"column":0},"end":{"line":16,"column":47}},"16":{"start":{"line":17,"column":0},"end":{"line":17,"column":5}},"17":{"start":{"line":18,"column":0},"end":{"line":18,"column":44}},"18":{"start":{"line":19,"column":0},"end":{"line":19,"column":34}},"19":{"start":{"line":20,"column":0},"end":{"line":20,"column":5}},"20":{"start":{"line":21,"column":0},"end":{"line":21,"column":60}},"21":{"start":{"line":22,"column":0},"end":{"line":22,"column":50}},"22":{"start":{"line":23,"column":0},"end":{"line":23,"column":5}},"23":{"start":{"line":24,"column":0},"end":{"line":24,"column":0}},"24":{"start":{"line":25,"column":0},"end":{"line":25,"column":19}},"25":{"start":{"line":26,"column":0},"end":{"line":26,"column":1}}},"s":{"0":1,"1":1,"2":1,"3":1,"4":6,"5":6,"6":6,"7":6,"8":1,"9":1,"10":5,"11":5,"12":5,"13":5,"14":5,"15":1,"16":1,"17":4,"18":1,"19":1,"20":3,"21":2,"22":2,"23":5,"24":5,"25":5},"branchMap":{"0":{"type":"branch","line":4,"loc":{"start":{"line":4,"column":26},"end":{"line":8,"column":1}},"locations":[{"start":{"line":4,"column":26},"end":{"line":8,"column":1}}]},"1":{"type":"branch","line":6,"loc":{"start":{"line":6,"column":16},"end":{"line":6,"column":51}},"locations":[{"start":{"line":6,"column":16},"end":{"line":6,"column":51}}]},"2":{"type":"branch","line":10,"loc":{"start":{"line":10,"column":29},"end":{"line":26,"column":1}},"locations":[{"start":{"line":10,"column":29},"end":{"line":26,"column":1}}]},"3":{"type":"branch","line":15,"loc":{"start":{"line":15,"column":29},"end":{"line":17,"column":5}},"locations":[{"start":{"line":15,"column":29},"end":{"line":17,"column":5}}]},"4":{"type":"branch","line":17,"loc":{"start":{"line":17,"column":4},"end":{"line":23,"column":5}},"locations":[{"start":{"line":17,"column":4},"end":{"line":23,"column":5}}]},"5":{"type":"branch","line":18,"loc":{"start":{"line":18,"column":43},"end":{"line":20,"column":5}},"locations":[{"start":{"line":18,"column":43},"end":{"line":20,"column":5}}]},"6":{"type":"branch","line":20,"loc":{"start":{"line":20,"column":4},"end":{"line":23,"column":5}},"locations":[{"start":{"line":20,"column":4},"end":{"line":23,"column":5}}]},"7":{"type":"branch","line":21,"loc":{"start":{"line":21,"column":15},"end":{"line":21,"column":59}},"locations":[{"start":{"line":21,"column":15},"end":{"line":21,"column":59}}]},"8":{"type":"branch","line":21,"loc":{"start":{"line":21,"column":59},"end":{"line":23,"column":5}},"locations":[{"start":{"line":21,"column":59},"end":{"line":23,"column":5}}]}},"b":{"0":[6],"1":[24],"2":[5],"3":[1],"4":[4],"5":[1],"6":[3],"7":[2],"8":[2]},"fnMap":{"0":{"name":"highScores","decl":{"start":{"line":4,"column":26},"end":{"line":8,"column":1}},"loc":{"start":{"line":4,"column":26},"end":{"line":8,"column":1}},"line":4},"1":{"name":"compareScores","decl":{"start":{"line":10,"column":29},"end":{"line":26,"column":1}},"loc":{"start":{"line":10,"column":29},"end":{"line":26,"column":1}},"line":10}},"f":{"0":6,"1":5}}
,"/frontend/src/utils/validateEmail.ts": {"path":"/frontend/src/utils/validateEmail.ts","all":false,"statementMap":{"0":{"start":{"line":1,"column":0},"end":{"line":1,"column":55}},"1":{"start":{"line":2,"column":0},"end":{"line":2,"column":39}},"2":{"start":{"line":3,"column":0},"end":{"line":3,"column":46}},"3":{"start":{"line":4,"column":0},"end":{"line":4,"column":0}},"4":{"start":{"line":5,"column":0},"end":{"line":5,"column":67}},"5":{"start":{"line":6,"column":0},"end":{"line":6,"column":79}},"6":{"start":{"line":7,"column":0},"end":{"line":7,"column":91}},"7":{"start":{"line":8,"column":0},"end":{"line":8,"column":93}},"8":{"start":{"line":9,"column":0},"end":{"line":9,"column":0}},"9":{"start":{"line":10,"column":0},"end":{"line":10,"column":18}},"10":{"start":{"line":11,"column":0},"end":{"line":11,"column":0}},"11":{"start":{"line":12,"column":0},"end":{"line":12,"column":48}},"12":{"start":{"line":13,"column":0},"end":{"line":13,"column":50}},"13":{"start":{"line":14,"column":0},"end":{"line":14,"column":29}},"14":{"start":{"line":15,"column":0},"end":{"line":15,"column":1}}},"s":{"0":1,"1":6,"2":6,"3":6,"4":6,"5":6,"6":6,"7":6,"8":6,"9":6,"10":6,"11":6,"12":6,"13":6,"14":6},"branchMap":{"0":{"type":"branch","line":1,"loc":{"start":{"line":1,"column":7},"end":{"line":15,"column":1}},"locations":[{"start":{"line":1,"column":7},"end":{"line":15,"column":1}}]}},"b":{"0":[6]},"fnMap":{"0":{"name":"validateEmail","decl":{"start":{"line":1,"column":7},"end":{"line":15,"column":1}},"loc":{"start":{"line":1,"column":7},"end":{"line":15,"column":1}},"line":1}},"f":{"0":6}}
}
